-- Started at Fri Sep 5 09:11:50 CEST 2014 --
>>> processing http://glidein-2.t2.ucsd.edu:8888/compstatus
WebTools::Page::Content. Failed to fetch http://glidein-2.t2.ucsd.edu:8888/compstatus -- 500 Can't connect to glidein-2.t2.ucsd.edu:8888 (connect: Connection timed out) at /afs/cern.ch/cms/LCG/crab/csmon/lib/CompStatusParser.pm line 36
>>> processing http://submit-3.t2.ucsd.edu:8888/compstatus
WebTools::Page::Content. Failed to fetch http://submit-3.t2.ucsd.edu:8888/compstatus -- 500 Can't connect to submit-3.t2.ucsd.edu:8888 (connect: No route to host) at /afs/cern.ch/cms/LCG/crab/csmon/lib/CompStatusParser.pm line 36
>>> processing http://submit-2.t2.ucsd.edu:8888/compstatus
WebTools::Page::Content. Failed to fetch http://submit-2.t2.ucsd.edu:8888/compstatus -- 500 Can't connect to submit-2.t2.ucsd.edu:8888 (connect: Connection refused) at /afs/cern.ch/cms/LCG/crab/csmon/lib/CompStatusParser.pm line 36
>>> processing http://submit-4.t2.ucsd.edu:8888/compstatus
WebTools::Page::Content. Failed to fetch http://submit-4.t2.ucsd.edu:8888/compstatus -- 500 Can't connect to submit-4.t2.ucsd.edu:8888 (connect: Connection refused) at /afs/cern.ch/cms/LCG/crab/csmon/lib/CompStatusParser.pm line 36
>>> processing http://vocms83.cern.ch:8888/compstatus
WebTools::Page::Content. Failed to fetch http://vocms83.cern.ch:8888/compstatus -- 500 Can't connect to vocms83.cern.ch:8888 (connect: Connection refused) at /afs/cern.ch/cms/LCG/crab/csmon/lib/CompStatusParser.pm line 36
>>> processing http://submit-6.t2.ucsd.edu:8888/compstatus
WebTools::Page::Content. Failed to fetch http://submit-6.t2.ucsd.edu:8888/compstatus -- 500 Can't connect to submit-6.t2.ucsd.edu:8888 (connect: Connection refused) at /afs/cern.ch/cms/LCG/crab/csmon/lib/CompStatusParser.pm line 36
>>> processing http://vocms20.cern.ch:8888/compstatus
WebTools::Page::Content. Failed to fetch http://vocms20.cern.ch:8888/compstatus -- 500 Can't connect to vocms20.cern.ch:8888 (connect: Connection refused) at /afs/cern.ch/cms/LCG/crab/csmon/lib/CompStatusParser.pm line 36
>>> processing http://submit-5.t2.ucsd.edu:8888/compstatus
WebTools::Page::Content. Failed to fetch http://submit-5.t2.ucsd.edu:8888/compstatus -- 500 Can't connect to submit-5.t2.ucsd.edu:8888 (connect: Connection refused) at /afs/cern.ch/cms/LCG/crab/csmon/lib/CompStatusParser.pm line 36
>>> processing http://vocms22.cern.ch:8888/compstatus
WebTools::Page::Content. Failed to fetch http://vocms22.cern.ch:8888/compstatus -- 500 Can't connect to vocms22.cern.ch:8888 (connect: Connection refused) at /afs/cern.ch/cms/LCG/crab/csmon/lib/CompStatusParser.pm line 36
>>> processing http://hcc-crabserver.unl.edu:8888/compstatus
WebTools::Page::Content. Failed to fetch http://hcc-crabserver.unl.edu:8888/compstatus -- 500 Can't connect to hcc-crabserver.unl.edu:8888 (connect: Connection refused) at /afs/cern.ch/cms/LCG/crab/csmon/lib/CompStatusParser.pm line 36
>>> processing http://vocms21.cern.ch:8888/compstatus
WebTools::Page::Content. Failed to fetch http://vocms21.cern.ch:8888/compstatus -- 500 Can't connect to vocms21.cern.ch:8888 (connect: Connection refused) at /afs/cern.ch/cms/LCG/crab/csmon/lib/CompStatusParser.pm line 36
>>> processing http://glidein-2.t2.ucsd.edu:8888/taskgraph/?tasktype=All&length=1&span=days&type=list
WebTools::Page::Content. Failed to fetch http://glidein-2.t2.ucsd.edu:8888/taskgraph/?tasktype=All&length=1&span=days&type=list -- 500 Can't connect to glidein-2.t2.ucsd.edu:8888 (connect: Connection timed out) at /afs/cern.ch/cms/LCG/crab/csmon/lib/TaskGraphParser.pm line 34
>>> processing http://glidein-2.t2.ucsd.edu:8888/compstatus
WebTools::Page::Content. Failed to fetch http://glidein-2.t2.ucsd.edu:8888/compstatus -- 500 Can't connect to glidein-2.t2.ucsd.edu:8888 (connect: Connection timed out) at /afs/cern.ch/cms/LCG/crab/csmon/lib/MsgQueueParser.pm line 43
>>> processing http://submit-3.t2.ucsd.edu:8888/taskgraph/?tasktype=All&length=1&span=days&type=list
WebTools::Page::Content. Failed to fetch http://submit-3.t2.ucsd.edu:8888/taskgraph/?tasktype=All&length=1&span=days&type=list -- 500 Can't connect to submit-3.t2.ucsd.edu:8888 (connect: No route to host) at /afs/cern.ch/cms/LCG/crab/csmon/lib/TaskGraphParser.pm line 34
>>> processing http://submit-3.t2.ucsd.edu:8888/compstatus
WebTools::Page::Content. Failed to fetch http://submit-3.t2.ucsd.edu:8888/compstatus -- 500 Can't connect to submit-3.t2.ucsd.edu:8888 (connect: No route to host) at /afs/cern.ch/cms/LCG/crab/csmon/lib/MsgQueueParser.pm line 43
>>> processing http://submit-2.t2.ucsd.edu:8888/taskgraph/?tasktype=All&length=1&span=days&type=list
WebTools::Page::Content. Failed to fetch http://submit-2.t2.ucsd.edu:8888/taskgraph/?tasktype=All&length=1&span=days&type=list -- 500 Can't connect to submit-2.t2.ucsd.edu:8888 (connect: Connection refused) at /afs/cern.ch/cms/LCG/crab/csmon/lib/TaskGraphParser.pm line 34
>>> processing http://submit-2.t2.ucsd.edu:8888/compstatus
WebTools::Page::Content. Failed to fetch http://submit-2.t2.ucsd.edu:8888/compstatus -- 500 Can't connect to submit-2.t2.ucsd.edu:8888 (connect: Connection refused) at /afs/cern.ch/cms/LCG/crab/csmon/lib/MsgQueueParser.pm line 43
>>> processing http://submit-4.t2.ucsd.edu:8888/taskgraph/?tasktype=All&length=1&span=days&type=list
WebTools::Page::Content. Failed to fetch http://submit-4.t2.ucsd.edu:8888/taskgraph/?tasktype=All&length=1&span=days&type=list -- 500 Can't connect to submit-4.t2.ucsd.edu:8888 (connect: Connection refused) at /afs/cern.ch/cms/LCG/crab/csmon/lib/TaskGraphParser.pm line 34
>>> processing http://submit-4.t2.ucsd.edu:8888/compstatus
WebTools::Page::Content. Failed to fetch http://submit-4.t2.ucsd.edu:8888/compstatus -- 500 Can't connect to submit-4.t2.ucsd.edu:8888 (connect: Connection refused) at /afs/cern.ch/cms/LCG/crab/csmon/lib/MsgQueueParser.pm line 43
>>> processing http://vocms83.cern.ch:8888/taskgraph/?tasktype=All&length=1&span=days&type=list
WebTools::Page::Content. Failed to fetch http://vocms83.cern.ch:8888/taskgraph/?tasktype=All&length=1&span=days&type=list -- 500 Can't connect to vocms83.cern.ch:8888 (connect: Connection refused) at /afs/cern.ch/cms/LCG/crab/csmon/lib/TaskGraphParser.pm line 34
>>> processing http://vocms83.cern.ch:8888/compstatus
WebTools::Page::Content. Failed to fetch http://vocms83.cern.ch:8888/compstatus -- 500 Can't connect to vocms83.cern.ch:8888 (connect: Connection refused) at /afs/cern.ch/cms/LCG/crab/csmon/lib/MsgQueueParser.pm line 43
>>> processing http://submit-6.t2.ucsd.edu:8888/taskgraph/?tasktype=All&length=1&span=days&type=list
WebTools::Page::Content. Failed to fetch http://submit-6.t2.ucsd.edu:8888/taskgraph/?tasktype=All&length=1&span=days&type=list -- 500 Can't connect to submit-6.t2.ucsd.edu:8888 (connect: Connection refused) at /afs/cern.ch/cms/LCG/crab/csmon/lib/TaskGraphParser.pm line 34
>>> processing http://submit-6.t2.ucsd.edu:8888/compstatus
WebTools::Page::Content. Failed to fetch http://submit-6.t2.ucsd.edu:8888/compstatus -- 500 Can't connect to submit-6.t2.ucsd.edu:8888 (connect: Connection refused) at /afs/cern.ch/cms/LCG/crab/csmon/lib/MsgQueueParser.pm line 43
>>> processing http://vocms20.cern.ch:8888/taskgraph/?tasktype=All&length=1&span=days&type=list
WebTools::Page::Content. Failed to fetch http://vocms20.cern.ch:8888/taskgraph/?tasktype=All&length=1&span=days&type=list -- 500 Can't connect to vocms20.cern.ch:8888 (connect: Connection refused) at /afs/cern.ch/cms/LCG/crab/csmon/lib/TaskGraphParser.pm line 34
>>> processing http://vocms20.cern.ch:8888/compstatus
WebTools::Page::Content. Failed to fetch http://vocms20.cern.ch:8888/compstatus -- 500 Can't connect to vocms20.cern.ch:8888 (connect: Connection refused) at /afs/cern.ch/cms/LCG/crab/csmon/lib/MsgQueueParser.pm line 43
>>> processing http://submit-5.t2.ucsd.edu:8888/taskgraph/?tasktype=All&length=1&span=days&type=list
WebTools::Page::Content. Failed to fetch http://submit-5.t2.ucsd.edu:8888/taskgraph/?tasktype=All&length=1&span=days&type=list -- 500 Can't connect to submit-5.t2.ucsd.edu:8888 (connect: Connection refused) at /afs/cern.ch/cms/LCG/crab/csmon/lib/TaskGraphParser.pm line 34
>>> processing http://submit-5.t2.ucsd.edu:8888/compstatus
WebTools::Page::Content. Failed to fetch http://submit-5.t2.ucsd.edu:8888/compstatus -- 500 Can't connect to submit-5.t2.ucsd.edu:8888 (connect: Connection refused) at /afs/cern.ch/cms/LCG/crab/csmon/lib/MsgQueueParser.pm line 43
>>> processing http://vocms22.cern.ch:8888/taskgraph/?tasktype=All&length=1&span=days&type=list
WebTools::Page::Content. Failed to fetch http://vocms22.cern.ch:8888/taskgraph/?tasktype=All&length=1&span=days&type=list -- 500 Can't connect to vocms22.cern.ch:8888 (connect: Connection refused) at /afs/cern.ch/cms/LCG/crab/csmon/lib/TaskGraphParser.pm line 34
>>> processing http://vocms22.cern.ch:8888/compstatus
WebTools::Page::Content. Failed to fetch http://vocms22.cern.ch:8888/compstatus -- 500 Can't connect to vocms22.cern.ch:8888 (connect: Connection refused) at /afs/cern.ch/cms/LCG/crab/csmon/lib/MsgQueueParser.pm line 43
>>> processing http://hcc-crabserver.unl.edu:8888/taskgraph/?tasktype=All&length=1&span=days&type=list
WebTools::Page::Content. Failed to fetch http://hcc-crabserver.unl.edu:8888/taskgraph/?tasktype=All&length=1&span=days&type=list -- 500 Can't connect to hcc-crabserver.unl.edu:8888 (connect: Connection refused) at /afs/cern.ch/cms/LCG/crab/csmon/lib/TaskGraphParser.pm line 34
>>> processing http://hcc-crabserver.unl.edu:8888/compstatus
WebTools::Page::Content. Failed to fetch http://hcc-crabserver.unl.edu:8888/compstatus -- 500 Can't connect to hcc-crabserver.unl.edu:8888 (connect: Connection refused) at /afs/cern.ch/cms/LCG/crab/csmon/lib/MsgQueueParser.pm line 43
>>> processing http://vocms21.cern.ch:8888/taskgraph/?tasktype=All&length=1&span=days&type=list
WebTools::Page::Content. Failed to fetch http://vocms21.cern.ch:8888/taskgraph/?tasktype=All&length=1&span=days&type=list -- 500 Can't connect to vocms21.cern.ch:8888 (connect: Connection refused) at /afs/cern.ch/cms/LCG/crab/csmon/lib/TaskGraphParser.pm line 34
>>> processing http://vocms21.cern.ch:8888/compstatus
WebTools::Page::Content. Failed to fetch http://vocms21.cern.ch:8888/compstatus -- 500 Can't connect to vocms21.cern.ch:8888 (connect: Connection refused) at /afs/cern.ch/cms/LCG/crab/csmon/lib/MsgQueueParser.pm line 43
>>> processing http://vocms83.cern.ch:8888/taskgraph/?tasktype=All&length=1&span=days&type=list
WebTools::Page::Content. Failed to fetch http://vocms83.cern.ch:8888/taskgraph/?tasktype=All&length=1&span=days&type=list -- 500 Can't connect to vocms83.cern.ch:8888 (connect: Connection refused) at /afs/cern.ch/cms/LCG/crab/csmon/lib/TaskGraphParser.pm line 34
>>> processing http://vocms83.cern.ch:8888/compstatus
WebTools::Page::Content. Failed to fetch http://vocms83.cern.ch:8888/compstatus -- 500 Can't connect to vocms83.cern.ch:8888 (connect: Connection refused) at /afs/cern.ch/cms/LCG/crab/csmon/lib/MsgQueueParser.pm line 43
>>> processing http://submit-6.t2.ucsd.edu:8888/taskgraph/?tasktype=All&length=1&span=days&type=list
WebTools::Page::Content. Failed to fetch http://submit-6.t2.ucsd.edu:8888/taskgraph/?tasktype=All&length=1&span=days&type=list -- 500 Can't connect to submit-6.t2.ucsd.edu:8888 (connect: Connection refused) at /afs/cern.ch/cms/LCG/crab/csmon/lib/TaskGraphParser.pm line 34
>>> processing http://submit-6.t2.ucsd.edu:8888/compstatus
WebTools::Page::Content. Failed to fetch http://submit-6.t2.ucsd.edu:8888/compstatus -- 500 Can't connect to submit-6.t2.ucsd.edu:8888 (connect: Connection refused) at /afs/cern.ch/cms/LCG/crab/csmon/lib/MsgQueueParser.pm line 43
>>> processing http://vocms20.cern.ch:8888/taskgraph/?tasktype=All&length=1&span=days&type=list
WebTools::Page::Content. Failed to fetch http://vocms20.cern.ch:8888/taskgraph/?tasktype=All&length=1&span=days&type=list -- 500 Can't connect to vocms20.cern.ch:8888 (connect: Connection refused) at /afs/cern.ch/cms/LCG/crab/csmon/lib/TaskGraphParser.pm line 34
>>> processing http://vocms20.cern.ch:8888/compstatus
WebTools::Page::Content. Failed to fetch http://vocms20.cern.ch:8888/compstatus -- 500 Can't connect to vocms20.cern.ch:8888 (connect: Connection refused) at /afs/cern.ch/cms/LCG/crab/csmon/lib/MsgQueueParser.pm line 43
>>> processing http://hcc-crabserver.unl.edu:8888/taskgraph/?tasktype=All&length=1&span=days&type=list
WebTools::Page::Content. Failed to fetch http://hcc-crabserver.unl.edu:8888/taskgraph/?tasktype=All&length=1&span=days&type=list -- 500 Can't connect to hcc-crabserver.unl.edu:8888 (connect: Connection refused) at /afs/cern.ch/cms/LCG/crab/csmon/lib/TaskGraphParser.pm line 34
>>> processing http://hcc-crabserver.unl.edu:8888/compstatus
WebTools::Page::Content. Failed to fetch http://hcc-crabserver.unl.edu:8888/compstatus -- 500 Can't connect to hcc-crabserver.unl.edu:8888 (connect: Connection refused) at /afs/cern.ch/cms/LCG/crab/csmon/lib/MsgQueueParser.pm line 43
>>> processing http://submit-4.t2.ucsd.edu:8888/taskgraph/?tasktype=All&length=1&span=days&type=list
WebTools::Page::Content. Failed to fetch http://submit-4.t2.ucsd.edu:8888/taskgraph/?tasktype=All&length=1&span=days&type=list -- 500 Can't connect to submit-4.t2.ucsd.edu:8888 (connect: Connection refused) at /afs/cern.ch/cms/LCG/crab/csmon/lib/TaskGraphParser.pm line 34
>>> processing http://submit-4.t2.ucsd.edu:8888/compstatus
WebTools::Page::Content. Failed to fetch http://submit-4.t2.ucsd.edu:8888/compstatus -- 500 Can't connect to submit-4.t2.ucsd.edu:8888 (connect: Connection refused) at /afs/cern.ch/cms/LCG/crab/csmon/lib/MsgQueueParser.pm line 43
>>> processing http://glidein-2.t2.ucsd.edu:8888/graphjobstcum/?length=12&span=hours
WebTools::Page::Content. Failed to fetch http://glidein-2.t2.ucsd.edu:8888/graphjobstcum/?length=12&span=hours -- 500 Can't connect to glidein-2.t2.ucsd.edu:8888 (connect: Connection timed out) at crab_overview.pl line 96
>>> processing http://submit-3.t2.ucsd.edu:8888/graphjobstcum/?length=12&span=hours
WebTools::Page::Content. Failed to fetch http://submit-3.t2.ucsd.edu:8888/graphjobstcum/?length=12&span=hours -- 500 Can't connect to submit-3.t2.ucsd.edu:8888 (connect: No route to host) at crab_overview.pl line 96
>>> processing http://submit-2.t2.ucsd.edu:8888/graphjobstcum/?length=12&span=hours
WebTools::Page::Content. Failed to fetch http://submit-2.t2.ucsd.edu:8888/graphjobstcum/?length=12&span=hours -- 500 Can't connect to submit-2.t2.ucsd.edu:8888 (connect: Connection refused) at crab_overview.pl line 96
>>> processing http://submit-4.t2.ucsd.edu:8888/graphjobstcum/?length=12&span=hours
WebTools::Page::Content. Failed to fetch http://submit-4.t2.ucsd.edu:8888/graphjobstcum/?length=12&span=hours -- 500 Can't connect to submit-4.t2.ucsd.edu:8888 (connect: Connection refused) at crab_overview.pl line 96
>>> processing http://vocms83.cern.ch:8888/graphjobstcum/?length=12&span=hours
WebTools::Page::Content. Failed to fetch http://vocms83.cern.ch:8888/graphjobstcum/?length=12&span=hours -- 500 Can't connect to vocms83.cern.ch:8888 (connect: Connection refused) at crab_overview.pl line 96
>>> processing http://submit-6.t2.ucsd.edu:8888/graphjobstcum/?length=12&span=hours
WebTools::Page::Content. Failed to fetch http://submit-6.t2.ucsd.edu:8888/graphjobstcum/?length=12&span=hours -- 500 Can't connect to submit-6.t2.ucsd.edu:8888 (connect: Connection refused) at crab_overview.pl line 96
>>> processing http://vocms20.cern.ch:8888/graphjobstcum/?length=12&span=hours
WebTools::Page::Content. Failed to fetch http://vocms20.cern.ch:8888/graphjobstcum/?length=12&span=hours -- 500 Can't connect to vocms20.cern.ch:8888 (connect: Connection refused) at crab_overview.pl line 96
>>> processing http://submit-5.t2.ucsd.edu:8888/graphjobstcum/?length=12&span=hours
WebTools::Page::Content. Failed to fetch http://submit-5.t2.ucsd.edu:8888/graphjobstcum/?length=12&span=hours -- 500 Can't connect to submit-5.t2.ucsd.edu:8888 (connect: Connection refused) at crab_overview.pl line 96
>>> processing http://vocms22.cern.ch:8888/graphjobstcum/?length=12&span=hours
WebTools::Page::Content. Failed to fetch http://vocms22.cern.ch:8888/graphjobstcum/?length=12&span=hours -- 500 Can't connect to vocms22.cern.ch:8888 (connect: Connection refused) at crab_overview.pl line 96
>>> processing http://hcc-crabserver.unl.edu:8888/graphjobstcum/?length=12&span=hours
WebTools::Page::Content. Failed to fetch http://hcc-crabserver.unl.edu:8888/graphjobstcum/?length=12&span=hours -- 500 Can't connect to hcc-crabserver.unl.edu:8888 (connect: Connection refused) at crab_overview.pl line 96
>>> processing http://vocms21.cern.ch:8888/graphjobstcum/?length=12&span=hours
WebTools::Page::Content. Failed to fetch http://vocms21.cern.ch:8888/graphjobstcum/?length=12&span=hours -- 500 Can't connect to vocms21.cern.ch:8888 (connect: Connection refused) at crab_overview.pl line 96
>>> processing http://glidein-2.t2.ucsd.edu:8888/msgblnc/
WebTools::Page::Content. Failed to fetch http://glidein-2.t2.ucsd.edu:8888/msgblnc/ -- 500 Can't connect to glidein-2.t2.ucsd.edu:8888 (connect: Connection timed out) at crab_overview.pl line 96
>>> processing http://submit-3.t2.ucsd.edu:8888/msgblnc/
WebTools::Page::Content. Failed to fetch http://submit-3.t2.ucsd.edu:8888/msgblnc/ -- 500 Can't connect to submit-3.t2.ucsd.edu:8888 (connect: No route to host) at crab_overview.pl line 96
>>> processing http://submit-2.t2.ucsd.edu:8888/msgblnc/
WebTools::Page::Content. Failed to fetch http://submit-2.t2.ucsd.edu:8888/msgblnc/ -- 500 Can't connect to submit-2.t2.ucsd.edu:8888 (connect: Connection refused) at crab_overview.pl line 96
>>> processing http://submit-4.t2.ucsd.edu:8888/msgblnc/
WebTools::Page::Content. Failed to fetch http://submit-4.t2.ucsd.edu:8888/msgblnc/ -- 500 Can't connect to submit-4.t2.ucsd.edu:8888 (connect: Connection refused) at crab_overview.pl line 96
>>> processing http://vocms83.cern.ch:8888/msgblnc/
WebTools::Page::Content. Failed to fetch http://vocms83.cern.ch:8888/msgblnc/ -- 500 Can't connect to vocms83.cern.ch:8888 (connect: Connection refused) at crab_overview.pl line 96
>>> processing http://submit-6.t2.ucsd.edu:8888/msgblnc/
WebTools::Page::Content. Failed to fetch http://submit-6.t2.ucsd.edu:8888/msgblnc/ -- 500 Can't connect to submit-6.t2.ucsd.edu:8888 (connect: Connection refused) at crab_overview.pl line 96
>>> processing http://vocms20.cern.ch:8888/msgblnc/
WebTools::Page::Content. Failed to fetch http://vocms20.cern.ch:8888/msgblnc/ -- 500 Can't connect to vocms20.cern.ch:8888 (connect: Connection refused) at crab_overview.pl line 96
>>> processing http://submit-5.t2.ucsd.edu:8888/msgblnc/
WebTools::Page::Content. Failed to fetch http://submit-5.t2.ucsd.edu:8888/msgblnc/ -- 500 Can't connect to submit-5.t2.ucsd.edu:8888 (connect: Connection refused) at crab_overview.pl line 96
>>> processing http://vocms22.cern.ch:8888/msgblnc/
WebTools::Page::Content. Failed to fetch http://vocms22.cern.ch:8888/msgblnc/ -- 500 Can't connect to vocms22.cern.ch:8888 (connect: Connection refused) at crab_overview.pl line 96
>>> processing http://hcc-crabserver.unl.edu:8888/msgblnc/
WebTools::Page::Content. Failed to fetch http://hcc-crabserver.unl.edu:8888/msgblnc/ -- 500 Can't connect to hcc-crabserver.unl.edu:8888 (connect: Connection refused) at crab_overview.pl line 96
>>> processing http://vocms21.cern.ch:8888/msgblnc/
WebTools::Page::Content. Failed to fetch http://vocms21.cern.ch:8888/msgblnc/ -- 500 Can't connect to vocms21.cern.ch:8888 (connect: Connection refused) at crab_overview.pl line 96
-- Finished at Fri Sep 5 09:17:14 CEST 2014 with status=0 --
